<?xml version="1.0" encoding="UTF-8"?>
<testng-results skipped="0" failed="0" ignored="0" total="1" passed="1">
  <reporter-output>
  </reporter-output>
  <suite name="Default suite" duration-ms="21366" started-at="2020-02-21T20:28:56 CST" finished-at="2020-02-21T20:29:18 CST">
    <groups>
    </groups>
    <test name="Default test" duration-ms="21366" started-at="2020-02-21T20:28:56 CST" finished-at="2020-02-21T20:29:18 CST">
      <class name="test.LoginTest">
        <test-method status="PASS" signature="validuserShoulabletologin()[pri:0, instance:test.LoginTest@65e2dbf3]" name="validuserShoulabletologin" duration-ms="21325" started-at="2020-02-21T20:28:56 CST" finished-at="2020-02-21T20:29:18 CST">
          <reporter-output>
          </reporter-output>
        </test-method> <!-- validuserShoulabletologin -->
      </class> <!-- test.LoginTest -->
    </test> <!-- Default test -->
  </suite> <!-- Default suite -->
</testng-results>
